2024-07-07T10:51:55.164Z info: MongoDB URI: mongodb://localhost:27017/BlockVote
2024-07-07T10:51:55.268Z info: Attempting to connect to MongoDB at mongodb://localhost:27017/BlockVote
2024-07-07T10:51:55.277Z info: MongoDB URI before connection: mongodb://localhost:27017/BlockVote
2024-07-07T10:52:02.737Z info: Server started on port 5000
2024-07-07T10:52:03.399Z info: Mongoose connected to DB
2024-07-07T10:52:03.441Z info: MongoDB Connected...
2024-07-07T10:56:31.107Z info: Attempting to connect to MongoDB at mongodb://localhost:27017/BlockVote
2024-07-07T10:56:31.300Z info: MongoDB URI before connection: mongodb://localhost:27017/BlockVote
2024-07-07T10:56:43.209Z info: Server started on port 5000
2024-07-07T10:56:43.664Z info: Mongoose connected to DB
2024-07-07T10:56:43.747Z info: MongoDB Connected...
2024-07-07T11:04:01.533Z info: Server started on port 5000
2024-07-07T11:04:02.220Z info: Mongoose connected to DB
2024-07-07T11:04:02.303Z info: MongoDB Connected
2024-07-07T15:33:20.592Z info: Server started on port 5000
2024-07-07T15:33:21.082Z info: Mongoose connected to DB
2024-07-07T15:33:21.104Z info: MongoDB Connected
2024-07-08T06:38:43.010Z info: Server started on port 5000
2024-07-08T06:38:44.464Z info: Mongoose connected to DB
2024-07-08T06:38:44.541Z info: MongoDB Connected
2024-07-15T16:00:59.935Z info: Server started on port 5000
2024-07-15T16:01:17.206Z warn: Mongoose disconnected
2024-07-15T16:11:56.013Z info: Server started on port 5000
2024-07-15T16:11:56.980Z info: Mongoose connected to DB
2024-07-15T16:11:57.024Z info: MongoDB Connected
2024-07-16T10:02:27.857Z info: Server started on port 5000
2024-07-16T10:03:18.393Z info: Server started on port 5000
2024-07-16T10:03:18.944Z info: Mongoose connected to DB
2024-07-16T10:03:18.966Z info: MongoDB Connected
2024-07-20T16:04:13.485Z info: Server started on port 3000
2024-07-20T16:04:13.613Z info: Mongoose connected to DB
2024-07-20T16:04:13.630Z info: MongoDB Connected
2024-07-20T16:07:41.926Z info: Server started on port 3000
2024-07-20T16:07:42.051Z info: Mongoose connected to DB
2024-07-20T16:07:42.052Z info: MongoDB Connected
2024-07-20T16:11:52.421Z info: Server started on port 3000
2024-07-20T16:11:52.611Z info: Mongoose connected to DB
2024-07-20T16:11:52.613Z info: MongoDB Connected
2024-07-20T16:16:36.599Z info: Server started on port 3000
2024-07-20T16:16:36.748Z info: Mongoose connected to DB
2024-07-20T16:16:36.767Z info: MongoDB Connected
2024-07-20T16:16:40.224Z info: Server started on port 3000
2024-07-20T16:16:40.373Z info: Mongoose connected to DB
2024-07-20T16:16:40.376Z info: MongoDB Connected
2024-07-20T16:18:08.664Z info: Server started on port 3000
2024-07-20T16:18:08.799Z info: Mongoose connected to DB
2024-07-20T16:18:08.813Z info: MongoDB Connected
2024-07-20T16:18:44.253Z info: Server started on port 3000
2024-07-20T16:18:44.346Z info: Mongoose connected to DB
2024-07-20T16:18:44.357Z info: MongoDB Connected
2024-07-20T16:24:53.042Z info: Server started on port 3000
2024-07-20T16:24:53.169Z info: Mongoose connected to DB
2024-07-20T16:24:53.178Z info: MongoDB Connected
2024-07-20T16:25:52.182Z info: Server started on port 3000
2024-07-20T16:25:52.420Z info: Mongoose connected to DB
2024-07-20T16:25:52.437Z info: MongoDB Connected
2024-07-20T16:27:40.756Z info: Server started on port 3000
2024-07-20T16:27:41.033Z info: Mongoose connected to DB
2024-07-20T16:27:41.038Z info: MongoDB Connected
2024-07-20T16:28:25.988Z info: Server started on port 3000
2024-07-20T16:28:26.112Z info: Mongoose connected to DB
2024-07-20T16:28:26.115Z info: MongoDB Connected
2024-07-20T16:29:14.952Z info: Server started on port 3000
2024-07-20T16:29:15.293Z info: Mongoose connected to DB
2024-07-20T16:29:15.298Z info: MongoDB Connected
2024-07-20T16:30:22.737Z info: Server started on port 3000
2024-07-20T16:30:22.862Z info: Mongoose connected to DB
2024-07-20T16:30:22.864Z info: MongoDB Connected
2024-07-20T16:31:50.386Z info: Server started on port 3000
2024-07-20T16:31:50.526Z info: Mongoose connected to DB
2024-07-20T16:31:50.527Z info: MongoDB Connected
2024-07-20T16:37:44.190Z warn: Mongoose disconnected
2024-07-22T13:22:26.063Z info: Server started on port 3000
2024-07-22T13:22:26.180Z info: Mongoose connected to DB
2024-07-22T13:22:26.182Z info: MongoDB Connected
2024-07-22T13:38:03.879Z info: Server started on port 3000
2024-07-22T13:38:03.925Z info: Mongoose connected to DB
2024-07-22T13:38:03.942Z info: MongoDB Connected
2024-07-22T13:48:33.047Z warn: Mongoose disconnected
2024-07-22T13:48:57.480Z info: Server started on port 3000
2024-07-22T13:48:57.590Z info: Mongoose connected to DB
2024-07-22T13:48:57.608Z info: MongoDB Connected
2024-07-22T13:51:04.143Z info: Server started on port 3000
2024-07-22T13:51:04.254Z info: Mongoose connected to DB
2024-07-22T13:51:04.270Z info: MongoDB Connected
2024-07-22T13:51:49.144Z info: Server started on port 3000
2024-07-22T13:51:49.252Z info: Mongoose connected to DB
2024-07-22T13:51:49.275Z info: MongoDB Connected
2024-07-22T13:57:37.991Z info: Server started on port 3000
2024-07-22T13:57:38.134Z info: Mongoose connected to DB
2024-07-22T13:57:38.147Z info: MongoDB Connected
2024-07-22T14:06:44.145Z info: Server started on port 3000
2024-07-22T14:06:44.207Z info: Mongoose connected to DB
2024-07-22T14:06:44.209Z info: MongoDB Connected
2024-07-22T14:11:13.768Z info: Server started on port 3000
2024-07-22T14:11:13.835Z info: Mongoose connected to DB
2024-07-22T14:11:13.839Z info: MongoDB Connected
2024-07-22T15:48:09.592Z info: Server started on port 3000
2024-07-22T15:48:09.699Z info: Mongoose connected to DB
2024-07-22T15:48:09.701Z info: MongoDB Connected
2024-07-22T15:50:53.641Z info: Server started on port 3000
2024-07-22T15:50:53.708Z info: Mongoose connected to DB
2024-07-22T15:50:53.709Z info: MongoDB Connected
2024-07-22T15:52:53.910Z info: Server started on port 3000
2024-07-22T15:52:54.102Z info: Mongoose connected to DB
2024-07-22T15:52:54.125Z info: MongoDB Connected
2024-07-22T16:02:43.483Z info: Server started on port 3000
2024-07-22T16:02:43.636Z info: Mongoose connected to DB
2024-07-22T16:02:43.654Z info: MongoDB Connected
2024-07-22T16:04:32.863Z info: Server started on port 3000
2024-07-22T16:04:33.096Z info: Mongoose connected to DB
2024-07-22T16:04:33.098Z info: MongoDB Connected
2024-07-22T16:08:01.023Z info: Server started on port 3000
2024-07-22T16:08:01.152Z info: Mongoose connected to DB
2024-07-22T16:08:01.171Z info: MongoDB Connected
2024-07-22T16:08:06.423Z info: Server started on port 3000
2024-07-22T16:08:06.572Z info: Mongoose connected to DB
2024-07-22T16:08:06.576Z info: MongoDB Connected
2024-07-22T16:16:03.506Z warn: Mongoose disconnected
2024-07-22T17:02:14.103Z info: Server started on port 3000
2024-07-22T17:02:14.233Z info: Mongoose connected to DB
2024-07-22T17:02:14.251Z info: MongoDB Connected
2024-07-08T09:28:31.363Z info: Server started on port 3000
2024-07-08T09:28:31.469Z info: Mongoose connected to DB
2024-07-08T09:28:31.471Z info: MongoDB Connected
2024-07-25T08:04:51.886Z info: Server started on port 3000
2024-07-25T08:04:52.004Z info: Mongoose connected to DB
2024-07-25T08:04:52.006Z info: MongoDB Connected
2024-07-25T08:05:31.363Z info: Server started on port 3000
2024-07-25T08:05:31.473Z info: Mongoose connected to DB
2024-07-25T08:05:31.476Z info: MongoDB Connected
2024-07-25T08:06:56.774Z info: Server started on port 3000
2024-07-25T08:06:57.206Z info: Mongoose connected to DB
2024-07-25T08:06:57.226Z info: MongoDB Connected
2024-07-25T08:08:06.197Z info: Server started on port 3000
2024-07-25T08:08:06.289Z info: Mongoose connected to DB
2024-07-25T08:08:06.301Z info: MongoDB Connected
2024-07-25T09:29:44.935Z info: Server started on port 3000
2024-07-25T09:29:45.098Z info: Mongoose connected to DB
2024-07-25T09:29:45.106Z info: MongoDB Connected
2024-07-25T09:36:43.111Z info: Server started on port 3000
2024-07-25T09:36:43.366Z info: Mongoose connected to DB
2024-07-25T09:36:43.368Z info: MongoDB Connected
2024-07-25T09:37:05.125Z info: Server started on port 3000
2024-07-25T09:37:05.214Z info: Mongoose connected to DB
2024-07-25T09:37:05.237Z info: MongoDB Connected
2024-07-25T09:37:34.306Z info: Server started on port 3000
2024-07-25T09:37:34.390Z info: Mongoose connected to DB
2024-07-25T09:37:34.413Z info: MongoDB Connected
2024-07-25T09:48:04.346Z info: Server started on port 3000
2024-07-25T09:48:04.472Z info: Mongoose connected to DB
2024-07-25T09:48:04.487Z info: MongoDB Connected
2024-07-25T09:49:26.782Z info: Server started on port 3000
2024-07-25T09:49:26.881Z info: Mongoose connected to DB
2024-07-25T09:49:26.900Z info: MongoDB Connected
2024-07-25T09:55:21.366Z info: Server started on port 3000
2024-07-25T09:55:21.453Z info: Mongoose connected to DB
2024-07-25T09:55:21.455Z info: MongoDB Connected
2024-07-25T09:57:25.365Z info: Server started on port 3000
2024-07-25T09:57:25.445Z info: Mongoose connected to DB
2024-07-25T09:57:25.464Z info: MongoDB Connected
2024-07-25T09:58:25.144Z info: Server started on port 3000
2024-07-25T09:58:25.213Z info: Mongoose connected to DB
2024-07-25T09:58:25.231Z info: MongoDB Connected
2024-07-25T09:59:16.705Z info: Server started on port 3000
2024-07-25T09:59:16.793Z info: Mongoose connected to DB
2024-07-25T09:59:16.811Z info: MongoDB Connected
2024-07-25T10:01:45.169Z info: Server started on port 3000
2024-07-25T10:01:45.259Z info: Mongoose connected to DB
2024-07-25T10:01:45.275Z info: MongoDB Connected
2024-07-25T10:03:39.610Z info: Server started on port 3000
2024-07-25T10:03:39.718Z info: Mongoose connected to DB
2024-07-25T10:03:39.731Z info: MongoDB Connected
2024-07-25T10:05:07.749Z info: Server started on port 3000
2024-07-25T10:05:07.835Z info: Mongoose connected to DB
2024-07-25T10:05:07.837Z info: MongoDB Connected
2024-07-25T16:34:07.552Z info: Server started on port 3000
2024-07-25T16:34:07.774Z info: Mongoose connected to DB
2024-07-25T16:34:07.796Z info: MongoDB Connected
2024-07-25T16:39:11.158Z info: Server started on port 3000
2024-07-25T16:39:11.263Z info: Mongoose connected to DB
2024-07-25T16:39:11.282Z info: MongoDB Connected
2024-07-25T16:49:52.551Z info: Server started on port 3000
2024-07-25T16:49:52.677Z info: Mongoose connected to DB
2024-07-25T16:49:52.697Z info: MongoDB Connected
2024-07-25T16:51:10.841Z error: Authorization denied: No token provided
2024-07-25T16:51:11.718Z error: Authorization denied: No token provided
2024-07-26T10:39:25.826Z info: Server started on port 3000
2024-07-26T10:39:25.913Z info: Mongoose connected to DB
2024-07-26T10:39:25.930Z info: MongoDB Connected
2024-07-26T10:40:00.411Z error: Authorization denied: No token provided
2024-07-26T10:40:00.444Z error: Authorization denied: No token provided
2024-07-26T10:40:05.603Z error: Authorization denied: No token provided
2024-07-26T10:40:05.611Z error: Authorization denied: No token provided
2024-07-26T11:06:11.639Z info: Server started on port 3000
2024-07-26T11:06:11.745Z info: Mongoose connected to DB
2024-07-26T11:06:11.747Z info: MongoDB Connected
2024-07-26T11:06:44.994Z info: Server started on port 3000
2024-07-26T11:06:45.145Z info: Mongoose connected to DB
2024-07-26T11:06:45.147Z info: MongoDB Connected
2024-07-26T11:06:51.007Z info: Server started on port 3000
2024-07-26T11:06:51.179Z info: Mongoose connected to DB
2024-07-26T11:06:51.197Z info: MongoDB Connected
2024-07-08T09:25:46.185Z info: Server started on port 3000
2024-07-08T09:25:46.356Z info: Mongoose connected to DB
2024-07-08T09:25:46.358Z info: MongoDB Connected
2024-07-26T13:58:31.645Z info: Server started on port 3000
2024-07-26T13:58:31.881Z info: Mongoose connected to DB
2024-07-26T13:58:31.903Z info: MongoDB Connected
2024-07-26T13:59:07.368Z info: Server started on port 3000
2024-07-26T13:59:07.472Z info: Mongoose connected to DB
2024-07-26T13:59:07.474Z info: MongoDB Connected
2024-07-26T14:04:45.539Z info: Server started on port 3000
2024-07-26T14:04:45.624Z info: Mongoose connected to DB
2024-07-26T14:04:45.625Z info: MongoDB Connected
2024-07-26T14:13:11.054Z info: Server started on port 3000
2024-07-26T14:13:11.138Z info: Mongoose connected to DB
2024-07-26T14:13:11.140Z info: MongoDB Connected
2024-07-26T14:28:05.095Z info: Server started on port 3000
2024-07-26T14:28:05.183Z info: Mongoose connected to DB
2024-07-26T14:28:05.199Z info: MongoDB Connected
2024-08-13T11:43:56.543Z info: Server started on port 3000
2024-08-13T11:43:56.633Z info: Mongoose connected to DB
2024-08-13T11:43:56.657Z info: MongoDB Connected
2024-08-13T11:52:42.248Z info: Mongoose connected to DB
2024-08-13T11:52:42.269Z info: MongoDB Connected
2024-08-13T11:54:46.671Z info: Mongoose connected to DB
2024-08-13T11:54:46.712Z info: MongoDB Connected
2024-08-13T11:55:22.781Z info: Mongoose connected to DB
2024-08-13T11:55:22.802Z info: MongoDB Connected
